<?xml version="1.0" encoding="UTF-8"?>
<!-- Generated by org.testng.reporters.JUnitReportReporter -->
<testsuite hostname="monkey" failures="0" tests="1" name="se.tastebin.maven.test.HelloWorldShould" time="0.007" errors="0" timestamp="13 Oct 2020 19:43:34 GMT">
  <testcase classname="se.tastebin.maven.test.HelloWorldShould" name="returnHelloWorl" time="0.007"/>
</testsuite> <!-- se.tastebin.maven.test.HelloWorldShould -->
